<?xml version="1.0" encoding="UTF-8"?>
<testng-results skipped="0" failed="0" total="3" passed="3">
  <reporter-output>
  </reporter-output>
  <suite name="Default suite" duration-ms="2624" started-at="2017-12-08T23:28:21Z" finished-at="2017-12-08T23:28:24Z">
    <groups>
    </groups>
    <test name="Default test" duration-ms="2624" started-at="2017-12-08T23:28:21Z" finished-at="2017-12-08T23:28:24Z">
      <class name="com.Service.Customer.test.CustomerServiceTest">
        <test-method status="PASS" signature="testGetCustomerwith200()[pri:1, instance:com.Service.Customer.test.CustomerServiceTest@5649fd9b]" name="testGetCustomerwith200" duration-ms="1720" started-at="2017-12-08T15:28:21Z" finished-at="2017-12-08T15:28:23Z">
          <reporter-output>
          </reporter-output>
        </test-method> <!-- testGetCustomerwith200 -->
        <test-method status="PASS" signature="testPostCustomerwith200()[pri:2, instance:com.Service.Customer.test.CustomerServiceTest@5649fd9b]" name="testPostCustomerwith200" duration-ms="439" started-at="2017-12-08T15:28:23Z" finished-at="2017-12-08T15:28:23Z">
          <reporter-output>
          </reporter-output>
        </test-method> <!-- testPostCustomerwith200 -->
        <test-method status="PASS" signature="testDeleteCustomerwith200()[pri:3, instance:com.Service.Customer.test.CustomerServiceTest@5649fd9b]" name="testDeleteCustomerwith200" duration-ms="434" started-at="2017-12-08T15:28:23Z" finished-at="2017-12-08T15:28:24Z">
          <reporter-output>
          </reporter-output>
        </test-method> <!-- testDeleteCustomerwith200 -->
      </class> <!-- com.Service.Customer.test.CustomerServiceTest -->
    </test> <!-- Default test -->
  </suite> <!-- Default suite -->
</testng-results>
