-------------------------------------------------------------------------------
Test set: TestSuite
-------------------------------------------------------------------------------
Tests run: 5, Failures: 5, Errors: 0, Skipped: 0, Time elapsed: 28.583 sec <<< FAILURE!
EcommLoginTest(com.MavenTestNG.Dataprovider.Test.MavenTestNGDataproviderTest)  Time elapsed: 0.028 sec  <<< FAILURE!
java.lang.NullPointerException
	at com.MavenTestNG.Dataprovider.Test.MavenTestNGDataproviderTest.EcommLoginTest(MavenTestNGDataproviderTest.java:24)

EcommLoginTest(com.MavenTestNG.Dataprovider.Test.MavenTestNGDataproviderTest)  Time elapsed: 0 sec  <<< FAILURE!
java.lang.NullPointerException
	at com.MavenTestNG.Dataprovider.Test.MavenTestNGDataproviderTest.EcommLoginTest(MavenTestNGDataproviderTest.java:24)

EcommLoginTest(com.MavenTestNG.Dataprovider.Test.MavenTestNGDataproviderTest)  Time elapsed: 0 sec  <<< FAILURE!
java.lang.NullPointerException
	at com.MavenTestNG.Dataprovider.Test.MavenTestNGDataproviderTest.EcommLoginTest(MavenTestNGDataproviderTest.java:24)

EcommLoginTest(com.MavenTestNG.Dataprovider.Test.MavenTestNGDataproviderTest)  Time elapsed: 0 sec  <<< FAILURE!
java.lang.NullPointerException
	at com.MavenTestNG.Dataprovider.Test.MavenTestNGDataproviderTest.EcommLoginTest(MavenTestNGDataproviderTest.java:24)

SignUpTest(com.MavenTestNG.Dataprovider.Test.RegistrationTest)  Time elapsed: 0 sec  <<< FAILURE!
java.lang.NullPointerException
	at com.MavenTestNG.Dataprovider.Test.RegistrationTest.SignUpTest(RegistrationTest.java:10)

