<?xml version="1.0" encoding="UTF-8"?>
<testng-results skipped="0" failed="0" total="2" passed="2">
  <reporter-output>
  </reporter-output>
  <suite name="Default suite" duration-ms="26339" started-at="2017-11-29T20:33:42Z" finished-at="2017-11-29T20:34:08Z">
    <groups>
    </groups>
    <test name="Default test" duration-ms="26339" started-at="2017-11-29T20:33:42Z" finished-at="2017-11-29T20:34:08Z">
      <class name="com.Maven.TestNG.Test.EcommerceCategories">
        <test-method status="PASS" signature="setup()[pri:0, instance:com.Maven.TestNG.Test.EcommerceCategories@13805618]" name="setup" is-config="true" duration-ms="8523" started-at="2017-11-29T12:33:42Z" finished-at="2017-11-29T12:33:50Z">
          <reporter-output>
          </reporter-output>
        </test-method> <!-- setup -->
        <test-method status="PASS" signature="EcommerceCartAddRemoveTest()[pri:0, instance:com.Maven.TestNG.Test.EcommerceCategories@13805618]" name="EcommerceCartAddRemoveTest" duration-ms="13379" started-at="2017-11-29T12:33:50Z" finished-at="2017-11-29T12:34:04Z">
          <reporter-output>
          </reporter-output>
        </test-method> <!-- EcommerceCartAddRemoveTest -->
        <test-method status="PASS" signature="EcommereceCategorieslistTest()[pri:0, instance:com.Maven.TestNG.Test.EcommerceCategories@13805618]" name="EcommereceCategorieslistTest" duration-ms="4383" started-at="2017-11-29T12:34:04Z" finished-at="2017-11-29T12:34:08Z">
          <reporter-output>
          </reporter-output>
        </test-method> <!-- EcommereceCategorieslistTest -->
        <test-method status="PASS" signature="cleanup()[pri:0, instance:com.Maven.TestNG.Test.EcommerceCategories@13805618]" name="cleanup" is-config="true" duration-ms="12" started-at="2017-11-29T12:34:08Z" finished-at="2017-11-29T12:34:08Z">
          <reporter-output>
          </reporter-output>
        </test-method> <!-- cleanup -->
      </class> <!-- com.Maven.TestNG.Test.EcommerceCategories -->
    </test> <!-- Default test -->
  </suite> <!-- Default suite -->
</testng-results>
