<?xml version="1.0" encoding="UTF-8"?>
<!-- Generated by org.testng.reporters.JUnitXMLReporter -->
<testsuite hostname="DESKTOP-2DUQFFK" name="Default test" tests="5" failures="0" timestamp="29 Nov 2017 20:47:22 GMT" time="95.552" errors="0">
  <testcase name="EcommerceCartAddRemoveTest" time="13.47" classname="com.MavenTestNg.DataProviderExcel.Test.EcommerceCategories"/>
  <testcase name="EcommerceCartAddRemoveTest" time="13.098" classname="com.MavenTestNg.DataProviderExcel.Test.EcommerceCategories"/>
  <testcase name="EcommerceCartAddRemoveTest" time="13.092" classname="com.MavenTestNg.DataProviderExcel.Test.EcommerceCategories"/>
  <testcase name="EcommerceCartAddRemoveTest" time="13.49" classname="com.MavenTestNg.DataProviderExcel.Test.EcommerceCategories"/>
  <testcase name="EcommereceCategorieslistTest" time="4.347" classname="com.MavenTestNg.DataProviderExcel.Test.EcommerceCategories"/>
</testsuite> <!-- Default test -->
