<?xml version="1.0" encoding="UTF-8"?>
<!-- Generated by org.testng.reporters.JUnitXMLReporter -->
<testsuite hostname="DESKTOP-2DUQFFK" name="Default test" tests="3" failures="0" timestamp="8 Dec 2017 23:28:24 GMT" time="2.624" errors="0">
  <testcase name="testGetCustomerwith200" time="1.72" classname="com.Service.Customer.test.CustomerServiceTest"/>
  <testcase name="testPostCustomerwith200" time="0.439" classname="com.Service.Customer.test.CustomerServiceTest"/>
  <testcase name="testDeleteCustomerwith200" time="0.434" classname="com.Service.Customer.test.CustomerServiceTest"/>
</testsuite> <!-- Default test -->
