<?xml version="1.0" encoding="UTF-8"?>
<!-- Generated by org.testng.reporters.JUnitXMLReporter -->
<testsuite hostname="DESKTOP-2DUQFFK" name="Command line test" tests="1" failures="0" timestamp="29 Nov 2017 06:21:19 GMT" time="9.482" errors="0">
  <testcase name="@AfterTest cleanup" time="0.0" classname="com.Maven.TestNG.Test.EcommercetLoginTest">
    <failure type="java.lang.NullPointerException">
      <![CDATA[java.lang.NullPointerException
	at com.Maven.TestNG.Test.EcommercetLoginTest.cleanup(EcommercetLoginTest.java:37)
... Removed 31 stack frames]]>
    </failure>
  </testcase> <!-- @AfterTest cleanup -->
  <testcase name="EcommerceLoginTest" time="0.006" classname="com.Maven.TestNG.Test.EcommercetLoginTest"/>
</testsuite> <!-- Command line test -->
