<?xml version="1.0" encoding="UTF-8"?>
<!-- Generated by org.testng.reporters.JUnitXMLReporter -->
<testsuite hostname="DESKTOP-2DUQFFK" name="Command line test" tests="3" failures="2" timestamp="2 Dec 2017 23:52:36 GMT" time="1.9" errors="0">
  <testcase name="testGetCustomerwith200" time="1.093" classname="com.MavenApacheHttpClient.test.CustomerServiceTestngTest">
    <failure type="junit.framework.ComparisonFailure" message="expected:&amp;lt;&amp;lt;?xml version=&amp;quot;1.0&amp;quot;?&amp;gt;&amp;lt;CUSTOMER xmlns:xlink=&amp;quot;http://www.w3.org/1999/xlink&amp;quot;&amp;gt;
    &amp;lt;ID&amp;gt;13&amp;lt;/ID&amp;gt;
    &amp;lt;FIRSTNAME&amp;gt;Laura&amp;lt;/FIRSTNAME&amp;gt;
    &amp;lt;LASTNAME&amp;gt;Ringer&amp;lt;/LASTNAME&amp;gt;
    &amp;lt;STREET&amp;gt;38 College Av.&amp;lt;/STREET&amp;gt;
    &amp;lt;CITY&amp;gt;New York&amp;lt;/CITY&amp;gt;
&amp;lt;/CUSTOMER&amp;gt;
&amp;gt; but was:&amp;lt;OK&amp;gt;">
      <![CDATA[junit.framework.ComparisonFailure: expected:<<?xml version="1.0"?><CUSTOMER xmlns:xlink="http://www.w3.org/1999/xlink">
    <ID>13</ID>
    <FIRSTNAME>Laura</FIRSTNAME>
    <LASTNAME>Ringer</LASTNAME>
    <STREET>38 College Av.</STREET>
    <CITY>New York</CITY>
</CUSTOMER>
> but was:<OK>
	at junit.framework.Assert.assertEquals(Assert.java:81)
	at junit.framework.Assert.assertEquals(Assert.java:87)
	at com.MavenApacheHttpClient.test.CustomerServiceTestngTest.testGetCustomerwith200(CustomerServiceTestngTest.java:29)
... Removed 34 stack frames]]>
    </failure>
  </testcase> <!-- testGetCustomerwith200 -->
  <testcase name="testGetCustomerwith404" time="0.403" classname="com.MavenApacheHttpClient.test.CustomerServiceTestngTest"/>
  <testcase name="testGetCustomerwith500" time="0.385" classname="com.MavenApacheHttpClient.test.CustomerServiceTestngTest">
    <failure type="junit.framework.AssertionFailedError">
      <![CDATA[junit.framework.AssertionFailedError
	at junit.framework.Assert.fail(Assert.java:47)
	at junit.framework.Assert.assertTrue(Assert.java:20)
	at junit.framework.Assert.assertTrue(Assert.java:27)
	at com.MavenApacheHttpClient.test.CustomerServiceTestngTest.testGetCustomerwith500(CustomerServiceTestngTest.java:75)
... Removed 34 stack frames]]>
    </failure>
  </testcase> <!-- testGetCustomerwith500 -->
</testsuite> <!-- Command line test -->
