<?xml version="1.0" encoding="UTF-8"?>
<!-- Generated by org.testng.reporters.JUnitXMLReporter -->
<testsuite hostname="DESKTOP-2DUQFFK" name="Command line test" tests="1" failures="1" timestamp="8 Dec 2017 01:01:24 GMT" time="3.491" errors="0">
  <testcase name="testGetCustomerwith200" time="2.6" classname="com.Service.Customer.test.CustomerServiceTest">
    <failure type="java.lang.AssertionError" message="expected [true] but found [false]">
      <![CDATA[java.lang.AssertionError: expected [true] but found [false]
	at com.Service.Customer.test.CustomerServiceTest.testGetCustomerwith200(CustomerServiceTest.java:47)
... Removed 37 stack frames]]>
    </failure>
  </testcase> <!-- testGetCustomerwith200 -->
</testsuite> <!-- Command line test -->
