<?xml version="1.0" encoding="UTF-8"?>
<!-- Generated by org.testng.reporters.JUnitXMLReporter -->
<testsuite hostname="DESKTOP-2DUQFFK" name="Command line test" tests="5" failures="5" timestamp="29 Nov 2017 19:34:23 GMT" time="27.814" errors="0">
  <testcase name="EcommLoginTest" time="0.006" classname="com.MavenTestNG.Dataprovider.Test.MavenTestNGDataproviderTest">
    <failure type="java.lang.NullPointerException">
      <![CDATA[java.lang.NullPointerException
	at com.MavenTestNG.Dataprovider.Test.MavenTestNGDataproviderTest.EcommLoginTest(MavenTestNGDataproviderTest.java:24)
... Removed 34 stack frames]]>
    </failure>
  </testcase> <!-- EcommLoginTest -->
  <testcase name="EcommLoginTest" time="0.001" classname="com.MavenTestNG.Dataprovider.Test.MavenTestNGDataproviderTest">
    <failure type="java.lang.NullPointerException">
      <![CDATA[java.lang.NullPointerException
	at com.MavenTestNG.Dataprovider.Test.MavenTestNGDataproviderTest.EcommLoginTest(MavenTestNGDataproviderTest.java:24)
... Removed 34 stack frames]]>
    </failure>
  </testcase> <!-- EcommLoginTest -->
  <testcase name="EcommLoginTest" time="0.0" classname="com.MavenTestNG.Dataprovider.Test.MavenTestNGDataproviderTest">
    <failure type="java.lang.NullPointerException">
      <![CDATA[java.lang.NullPointerException
	at com.MavenTestNG.Dataprovider.Test.MavenTestNGDataproviderTest.EcommLoginTest(MavenTestNGDataproviderTest.java:24)
... Removed 34 stack frames]]>
    </failure>
  </testcase> <!-- EcommLoginTest -->
  <testcase name="EcommLoginTest" time="0.0" classname="com.MavenTestNG.Dataprovider.Test.MavenTestNGDataproviderTest">
    <failure type="java.lang.NullPointerException">
      <![CDATA[java.lang.NullPointerException
	at com.MavenTestNG.Dataprovider.Test.MavenTestNGDataproviderTest.EcommLoginTest(MavenTestNGDataproviderTest.java:24)
... Removed 34 stack frames]]>
    </failure>
  </testcase> <!-- EcommLoginTest -->
  <testcase name="SignUpTest" time="0.0" classname="com.MavenTestNG.Dataprovider.Test.RegistrationTest">
    <failure type="java.lang.NullPointerException">
      <![CDATA[java.lang.NullPointerException
	at com.MavenTestNG.Dataprovider.Test.RegistrationTest.SignUpTest(RegistrationTest.java:10)
... Removed 34 stack frames]]>
    </failure>
  </testcase> <!-- SignUpTest -->
</testsuite> <!-- Command line test -->
