<?xml version="1.0" encoding="UTF-8"?>
<testng-results skipped="0" failed="0" total="5" passed="5">
  <reporter-output>
  </reporter-output>
  <suite name="Default suite" duration-ms="95552" started-at="2017-11-29T20:45:46Z" finished-at="2017-11-29T20:47:22Z">
    <groups>
    </groups>
    <test name="Default test" duration-ms="95552" started-at="2017-11-29T20:45:46Z" finished-at="2017-11-29T20:47:22Z">
      <class name="com.MavenTestNg.DataProviderExcel.Test.EcommerceCategories">
        <test-method status="PASS" signature="setup()[pri:0, instance:com.MavenTestNg.DataProviderExcel.Test.EcommerceCategories@5649fd9b]" name="setup" is-config="true" duration-ms="7685" started-at="2017-11-29T12:45:46Z" finished-at="2017-11-29T12:45:54Z">
          <reporter-output>
          </reporter-output>
        </test-method> <!-- setup -->
        <test-method status="PASS" signature="EcommerceCartAddRemoveTest(java.lang.String, java.lang.String)[pri:0, instance:com.MavenTestNg.DataProviderExcel.Test.EcommerceCategories@5649fd9b]" name="EcommerceCartAddRemoveTest" duration-ms="13470" started-at="2017-11-29T12:45:54Z" data-provider="successIds" finished-at="2017-11-29T12:46:07Z">
          <params>
            <param index="0">
              <value>
                <![CDATA[test1@gmail.com]]>
              </value>
            </param>
            <param index="1">
              <value>
                <![CDATA[pwd1]]>
              </value>
            </param>
          </params>
          <reporter-output>
          </reporter-output>
        </test-method> <!-- EcommerceCartAddRemoveTest -->
        <test-method status="PASS" signature="cleanup()[pri:0, instance:com.MavenTestNg.DataProviderExcel.Test.EcommerceCategories@5649fd9b]" name="cleanup" is-config="true" duration-ms="16" started-at="2017-11-29T12:46:07Z" finished-at="2017-11-29T12:46:07Z">
          <reporter-output>
          </reporter-output>
        </test-method> <!-- cleanup -->
        <test-method status="PASS" signature="setup()[pri:0, instance:com.MavenTestNg.DataProviderExcel.Test.EcommerceCategories@5649fd9b]" name="setup" is-config="true" duration-ms="7715" started-at="2017-11-29T12:46:07Z" finished-at="2017-11-29T12:46:15Z">
          <reporter-output>
          </reporter-output>
        </test-method> <!-- setup -->
        <test-method status="PASS" signature="EcommerceCartAddRemoveTest(java.lang.String, java.lang.String)[pri:0, instance:com.MavenTestNg.DataProviderExcel.Test.EcommerceCategories@5649fd9b]" name="EcommerceCartAddRemoveTest" duration-ms="13098" started-at="2017-11-29T12:46:15Z" data-provider="successIds" finished-at="2017-11-29T12:46:28Z">
          <params>
            <param index="0">
              <value>
                <![CDATA[test2@gmail.com]]>
              </value>
            </param>
            <param index="1">
              <value>
                <![CDATA[pwd2]]>
              </value>
            </param>
          </params>
          <reporter-output>
          </reporter-output>
        </test-method> <!-- EcommerceCartAddRemoveTest -->
        <test-method status="PASS" signature="cleanup()[pri:0, instance:com.MavenTestNg.DataProviderExcel.Test.EcommerceCategories@5649fd9b]" name="cleanup" is-config="true" duration-ms="9" started-at="2017-11-29T12:46:28Z" finished-at="2017-11-29T12:46:28Z">
          <reporter-output>
          </reporter-output>
        </test-method> <!-- cleanup -->
        <test-method status="PASS" signature="setup()[pri:0, instance:com.MavenTestNg.DataProviderExcel.Test.EcommerceCategories@5649fd9b]" name="setup" is-config="true" duration-ms="7659" started-at="2017-11-29T12:46:28Z" finished-at="2017-11-29T12:46:36Z">
          <reporter-output>
          </reporter-output>
        </test-method> <!-- setup -->
        <test-method status="PASS" signature="EcommerceCartAddRemoveTest(java.lang.String, java.lang.String)[pri:0, instance:com.MavenTestNg.DataProviderExcel.Test.EcommerceCategories@5649fd9b]" name="EcommerceCartAddRemoveTest" duration-ms="13092" started-at="2017-11-29T12:46:36Z" data-provider="successIds" finished-at="2017-11-29T12:46:49Z">
          <params>
            <param index="0">
              <value>
                <![CDATA[test3@gmail.com]]>
              </value>
            </param>
            <param index="1">
              <value>
                <![CDATA[pwd3]]>
              </value>
            </param>
          </params>
          <reporter-output>
          </reporter-output>
        </test-method> <!-- EcommerceCartAddRemoveTest -->
        <test-method status="PASS" signature="cleanup()[pri:0, instance:com.MavenTestNg.DataProviderExcel.Test.EcommerceCategories@5649fd9b]" name="cleanup" is-config="true" duration-ms="12" started-at="2017-11-29T12:46:49Z" finished-at="2017-11-29T12:46:49Z">
          <reporter-output>
          </reporter-output>
        </test-method> <!-- cleanup -->
        <test-method status="PASS" signature="setup()[pri:0, instance:com.MavenTestNg.DataProviderExcel.Test.EcommerceCategories@5649fd9b]" name="setup" is-config="true" duration-ms="7471" started-at="2017-11-29T12:46:49Z" finished-at="2017-11-29T12:46:57Z">
          <reporter-output>
          </reporter-output>
        </test-method> <!-- setup -->
        <test-method status="PASS" signature="EcommerceCartAddRemoveTest(java.lang.String, java.lang.String)[pri:0, instance:com.MavenTestNg.DataProviderExcel.Test.EcommerceCategories@5649fd9b]" name="EcommerceCartAddRemoveTest" duration-ms="13490" started-at="2017-11-29T12:46:57Z" data-provider="successIds" finished-at="2017-11-29T12:47:10Z">
          <params>
            <param index="0">
              <value>
                <![CDATA[test4@gmail.com]]>
              </value>
            </param>
            <param index="1">
              <value>
                <![CDATA[pwd4]]>
              </value>
            </param>
          </params>
          <reporter-output>
          </reporter-output>
        </test-method> <!-- EcommerceCartAddRemoveTest -->
        <test-method status="PASS" signature="cleanup()[pri:0, instance:com.MavenTestNg.DataProviderExcel.Test.EcommerceCategories@5649fd9b]" name="cleanup" is-config="true" duration-ms="11" started-at="2017-11-29T12:47:10Z" finished-at="2017-11-29T12:47:10Z">
          <reporter-output>
          </reporter-output>
        </test-method> <!-- cleanup -->
        <test-method status="PASS" signature="setup()[pri:0, instance:com.MavenTestNg.DataProviderExcel.Test.EcommerceCategories@5649fd9b]" name="setup" is-config="true" duration-ms="7229" started-at="2017-11-29T12:47:10Z" finished-at="2017-11-29T12:47:17Z">
          <reporter-output>
          </reporter-output>
        </test-method> <!-- setup -->
        <test-method status="PASS" signature="EcommereceCategorieslistTest()[pri:0, instance:com.MavenTestNg.DataProviderExcel.Test.EcommerceCategories@5649fd9b]" name="EcommereceCategorieslistTest" duration-ms="4347" started-at="2017-11-29T12:47:17Z" finished-at="2017-11-29T12:47:22Z">
          <reporter-output>
          </reporter-output>
        </test-method> <!-- EcommereceCategorieslistTest -->
        <test-method status="PASS" signature="cleanup()[pri:0, instance:com.MavenTestNg.DataProviderExcel.Test.EcommerceCategories@5649fd9b]" name="cleanup" is-config="true" duration-ms="14" started-at="2017-11-29T12:47:22Z" finished-at="2017-11-29T12:47:22Z">
          <reporter-output>
          </reporter-output>
        </test-method> <!-- cleanup -->
      </class> <!-- com.MavenTestNg.DataProviderExcel.Test.EcommerceCategories -->
    </test> <!-- Default test -->
  </suite> <!-- Default suite -->
</testng-results>
