<?xml version="1.0" encoding="UTF-8" ?>
<testsuite tests="3" failures="2" name="TestSuite" time="1.883" errors="0" skipped="0">
  <properties>
[...]
</properties>
  <testcase classname="com.MavenApacheHttpClient.test.CustomerServiceTestngTest" name="testGetCustomerwith200" time="1.101">
    <failure message="expected:&lt;&lt;?xml version=&quot;1.0&quot;?&gt;&lt;CUSTOMER xmlns:xlink=&quot;http://www.w3.org/1999/xlink&quot;&gt;
    &lt;ID&gt;13&lt;/ID&gt;
    &lt;FIRSTNAME&gt;Laura&lt;/FIRSTNAME&gt;
    &lt;LASTNAME&gt;Ringer&lt;/LASTNAME&gt;
    &lt;STREET&gt;38 College Av.&lt;/STREET&gt;
    &lt;CITY&gt;New York&lt;/CITY&gt;
&lt;/CUSTOMER&gt;
&gt; but was:&lt;OK&gt;" type="junit.framework.ComparisonFailure">junit.framework.ComparisonFailure: expected:&lt;&lt;?xml version=&quot;1.0&quot;?&gt;&lt;CUSTOMER xmlns:xlink=&quot;http://www.w3.org/1999/xlink&quot;&gt;
    &lt;ID&gt;13&lt;/ID&gt;
    &lt;FIRSTNAME&gt;Laura&lt;/FIRSTNAME&gt;
    &lt;LASTNAME&gt;Ringer&lt;/LASTNAME&gt;
    &lt;STREET&gt;38 College Av.&lt;/STREET&gt;
    &lt;CITY&gt;New York&lt;/CITY&gt;
&lt;/CUSTOMER&gt;
&gt; but was:&lt;OK&gt;
	at junit.framework.Assert.assertEquals(Assert.java:81)
	at junit.framework.Assert.assertEquals(Assert.java:87)
	at com.MavenApacheHttpClient.test.CustomerServiceTestngTest.testGetCustomerwith200(CustomerServiceTestngTest.java:29)
</failure>
    <system-out>Configuring TestNG with: org.apache.maven.surefire.testng.conf.TestNG652Configurator@8807e25
200
OK
&lt;?xml version=&quot;1.0&quot;?&gt;&lt;CUSTOMER xmlns:xlink=&quot;http://www.w3.org/1999/xlink&quot;&gt;
    &lt;ID&gt;13&lt;/ID&gt;
    &lt;FIRSTNAME&gt;Laura&lt;/FIRSTNAME&gt;
    &lt;LASTNAME&gt;Ringer&lt;/LASTNAME&gt;
    &lt;STREET&gt;38 College Av.&lt;/STREET&gt;
    &lt;CITY&gt;New York&lt;/CITY&gt;
&lt;/CUSTOMER&gt;

</system-out>
    <system-err>log4j:WARN No appenders could be found for logger (org.apache.http.client.protocol.RequestAddCookies).
log4j:WARN Please initialize the log4j system properly.
</system-err>
  </testcase>
  <testcase classname="com.MavenApacheHttpClient.test.CustomerServiceTestngTest" name="testGetCustomerwith404" time="0.396"/>
  <testcase classname="com.MavenApacheHttpClient.test.CustomerServiceTestngTest" name="testGetCustomerwith500" time="0.386">
    <failure type="junit.framework.AssertionFailedError">junit.framework.AssertionFailedError
	at junit.framework.Assert.fail(Assert.java:47)
	at junit.framework.Assert.assertTrue(Assert.java:20)
	at junit.framework.Assert.assertTrue(Assert.java:27)
	at com.MavenApacheHttpClient.test.CustomerServiceTestngTest.testGetCustomerwith500(CustomerServiceTestngTest.java:75)
</failure>
    <system-out>500
Internal Server Error
&lt;html&gt;&lt;head&gt;&lt;title&gt;Apache Tomcat/7.0.52 (Ubuntu) - Error report&lt;/title&gt;&lt;style&gt;&lt;!--H1 {font-family:Tahoma,Arial,sans-serif;color:white;background-color:#525D76;font-size:22px;} H2 {font-family:Tahoma,Arial,sans-serif;color:white;background-color:#525D76;font-size:16px;} H3 {font-family:Tahoma,Arial,sans-serif;color:white;background-color:#525D76;font-size:14px;} BODY {font-family:Tahoma,Arial,sans-serif;color:black;background-color:white;} B {font-family:Tahoma,Arial,sans-serif;color:white;background-color:#525D76;} P {font-family:Tahoma,Arial,sans-serif;background:white;color:black;font-size:12px;}A {color : black;}A.name {color : black;}HR {color : #525D76;}--&gt;&lt;/style&gt; &lt;/head&gt;&lt;body&gt;&lt;h1&gt;HTTP Status 500 - Error: java.lang.IllegalArgumentException: Wrong tablename : CUSTOMEr&lt;/h1&gt;&lt;HR size=&quot;1&quot; noshade=&quot;noshade&quot;&gt;&lt;p&gt;&lt;b&gt;type&lt;/b&gt; Exception report&lt;/p&gt;&lt;p&gt;&lt;b&gt;message&lt;/b&gt; &lt;u&gt;Error: java.lang.IllegalArgumentException: Wrong tablename : CUSTOMEr&lt;/u&gt;&lt;/p&gt;&lt;p&gt;&lt;b&gt;description&lt;/b&gt; &lt;u&gt;The server encountered an internal error that prevented it from fulfilling this request.&lt;/u&gt;&lt;/p&gt;&lt;p&gt;&lt;b&gt;exception&lt;/b&gt; &lt;pre&gt;javax.servlet.ServletException: Error: java.lang.IllegalArgumentException: Wrong tablename : CUSTOMEr
	de.oio.sqlrest.MainServlet.doGet(MainServlet.java:76)
	javax.servlet.http.HttpServlet.service(HttpServlet.java:620)
	javax.servlet.http.HttpServlet.service(HttpServlet.java:727)
&lt;/pre&gt;&lt;/p&gt;&lt;p&gt;&lt;b&gt;note&lt;/b&gt; &lt;u&gt;The full stack trace of the root cause is available in the Apache Tomcat/7.0.52 (Ubuntu) logs.&lt;/u&gt;&lt;/p&gt;&lt;HR size=&quot;1&quot; noshade=&quot;noshade&quot;&gt;&lt;h3&gt;Apache Tomcat/7.0.52 (Ubuntu)&lt;/h3&gt;&lt;/body&gt;&lt;/html&gt;

</system-out>
  </testcase>
</testsuite>