<?xml version="1.0" encoding="UTF-8"?>
<!-- Generated by org.testng.reporters.JUnitXMLReporter -->
<testsuite hostname="DESKTOP-2DUQFFK" name="Default test" tests="3" failures="0" timestamp="30 Nov 2017 23:06:38 GMT" time="56.907" errors="0">
  <testcase name="ProductItemAddTest" time="10.079" classname="com.maven.testngpom.product.ProductTest"/>
  <testcase name="ProductListCheckTest" time="9.051" classname="com.maven.testngpom.product.ProductTest"/>
  <testcase name="ProductRemoveTest" time="13.164" classname="com.maven.testngpom.product.ProductTest"/>
</testsuite> <!-- Default test -->
