<?xml version="1.0" encoding="UTF-8"?>
<testng-results skipped="0" failed="0" total="1" passed="1">
  <reporter-output>
  </reporter-output>
  <suite name="com.Maven.TestNG.Test.EcommercetLoginTest" duration-ms="9482" started-at="2017-11-29T06:21:09Z" finished-at="2017-11-29T06:21:19Z">
    <groups>
    </groups>
    <test name="Command line test" duration-ms="9482" started-at="2017-11-29T06:21:09Z" finished-at="2017-11-29T06:21:19Z">
      <class name="com.Maven.TestNG.Test.EcommercetLoginTest">
        <test-method status="PASS" signature="setup()[pri:0, instance:com.Maven.TestNG.Test.EcommercetLoginTest@573f2bb1]" name="setup" is-config="true" duration-ms="9454" started-at="2017-11-28T22:21:09Z" finished-at="2017-11-28T22:21:19Z">
          <reporter-output>
          </reporter-output>
        </test-method> <!-- setup -->
        <test-method status="PASS" signature="EcommerceLoginTest()[pri:0, instance:com.Maven.TestNG.Test.EcommercetLoginTest@573f2bb1]" name="EcommerceLoginTest" duration-ms="6" started-at="2017-11-28T22:21:19Z" finished-at="2017-11-28T22:21:19Z">
          <reporter-output>
          </reporter-output>
        </test-method> <!-- EcommerceLoginTest -->
        <test-method status="FAIL" signature="cleanup()[pri:0, instance:com.Maven.TestNG.Test.EcommercetLoginTest@573f2bb1]" name="cleanup" is-config="true" duration-ms="0" started-at="2017-11-28T22:21:19Z" finished-at="2017-11-28T22:21:19Z">
          <exception class="java.lang.NullPointerException">
            <full-stacktrace>
              <![CDATA[java.lang.NullPointerException
	at com.Maven.TestNG.Test.EcommercetLoginTest.cleanup(EcommercetLoginTest.java:37)
	at sun.reflect.NativeMethodAccessorImpl.invoke0(Native Method)
	at sun.reflect.NativeMethodAccessorImpl.invoke(NativeMethodAccessorImpl.java:62)
	at sun.reflect.DelegatingMethodAccessorImpl.invoke(DelegatingMethodAccessorImpl.java:43)
	at java.lang.reflect.Method.invoke(Method.java:498)
	at org.testng.internal.MethodInvocationHelper.invokeMethod(MethodInvocationHelper.java:86)
	at org.testng.internal.Invoker.invokeConfigurationMethod(Invoker.java:514)
	at org.testng.internal.Invoker.invokeConfigurations(Invoker.java:215)
	at org.testng.internal.Invoker.invokeConfigurations(Invoker.java:142)
	at org.testng.TestRunner.afterRun(TestRunner.java:1012)
	at org.testng.TestRunner.run(TestRunner.java:636)
	at org.testng.SuiteRunner.runTest(SuiteRunner.java:366)
	at org.testng.SuiteRunner.runSequentially(SuiteRunner.java:361)
	at org.testng.SuiteRunner.privateRun(SuiteRunner.java:319)
	at org.testng.SuiteRunner.run(SuiteRunner.java:268)
	at org.testng.SuiteRunnerWorker.runSuite(SuiteRunnerWorker.java:52)
	at org.testng.SuiteRunnerWorker.run(SuiteRunnerWorker.java:86)
	at org.testng.TestNG.runSuitesSequentially(TestNG.java:1244)
	at org.testng.TestNG.runSuitesLocally(TestNG.java:1169)
	at org.testng.TestNG.run(TestNG.java:1064)
	at org.apache.maven.surefire.testng.TestNGExecutor.run(TestNGExecutor.java:77)
	at org.apache.maven.surefire.testng.TestNGDirectoryTestSuite.execute(TestNGDirectoryTestSuite.java:110)
	at org.apache.maven.surefire.testng.TestNGProvider.invoke(TestNGProvider.java:106)
	at sun.reflect.NativeMethodAccessorImpl.invoke0(Native Method)
	at sun.reflect.NativeMethodAccessorImpl.invoke(NativeMethodAccessorImpl.java:62)
	at sun.reflect.DelegatingMethodAccessorImpl.invoke(DelegatingMethodAccessorImpl.java:43)
	at java.lang.reflect.Method.invoke(Method.java:498)
	at org.apache.maven.surefire.util.ReflectionUtils.invokeMethodWithArray(ReflectionUtils.java:189)
	at org.apache.maven.surefire.booter.ProviderFactory$ProviderProxy.invoke(ProviderFactory.java:165)
	at org.apache.maven.surefire.booter.ProviderFactory.invokeProvider(ProviderFactory.java:85)
	at org.apache.maven.surefire.booter.ForkedBooter.runSuitesInProcess(ForkedBooter.java:115)
	at org.apache.maven.surefire.booter.ForkedBooter.main(ForkedBooter.java:75)
]]>
            </full-stacktrace>
          </exception> <!-- java.lang.NullPointerException -->
          <reporter-output>
          </reporter-output>
        </test-method> <!-- cleanup -->
      </class> <!-- com.Maven.TestNG.Test.EcommercetLoginTest -->
    </test> <!-- Command line test -->
  </suite> <!-- com.Maven.TestNG.Test.EcommercetLoginTest -->
</testng-results>
