<?xml version="1.0" encoding="UTF-8"?>
<!-- Generated by org.testng.reporters.JUnitXMLReporter -->
<testsuite hostname="DESKTOP-2DUQFFK" name="Default test" tests="4" failures="0" timestamp="29 Nov 2017 19:48:42 GMT" time="51.409" errors="0">
  <testcase name="EcommLoginTest" time="5.122" classname="com.MavenTestNG.Dataprovider.Test.MavenTestNGDataproviderTest"/>
  <testcase name="EcommLoginTest" time="4.896" classname="com.MavenTestNG.Dataprovider.Test.MavenTestNGDataproviderTest"/>
  <testcase name="EcommLoginTest" time="4.593" classname="com.MavenTestNG.Dataprovider.Test.MavenTestNGDataproviderTest"/>
  <testcase name="EcommLoginTest" time="4.719" classname="com.MavenTestNG.Dataprovider.Test.MavenTestNGDataproviderTest"/>
</testsuite> <!-- Default test -->
